<?xml version="1.0" encoding="UTF-8"?>
<!-- Generated by org.testng.reporters.JUnitXMLReporter -->
<testsuite hostname="LAPTOP-QM44054G" failures="0" tests="2" name="DelpiTest" time="602.225" errors="0" timestamp="10 May 2021 17:21:34 GMT">
  <testcase classname="LowesHomeDepot.LowesHomeDepotBuild.NewTest" name="@BeforeTest beforeTest" time="0.0">
    <failure type="org.openqa.selenium.SessionNotCreatedException" message="session not created
from timeout: Timed out receiving message from renderer: 600.000
  (Session info: chrome=90.0.4430.93)
Build info: version: &amp;apos;3.141.59&amp;apos;, revision: &amp;apos;e82be7d358&amp;apos;, time: &amp;apos;2018-11-14T08:17:03&amp;apos;
System info: host: &amp;apos;LAPTOP-QM44054G&amp;apos;, ip: &amp;apos;192.168.2.41&amp;apos;, os.name: &amp;apos;Windows 10&amp;apos;, os.arch: &amp;apos;amd64&amp;apos;, os.version: &amp;apos;10.0&amp;apos;, java.version: &amp;apos;12.0.2&amp;apos;
Driver info: driver.version: ChromeDriver
remote stacktrace: Backtrace:
	Ordinal0 [0x0123C013+2474003]
	Ordinal0 [0x011D29C1+2042305]
	Ordinal0 [0x010E2F68+1060712]
	Ordinal0 [0x010D5652+1005138]
	Ordinal0 [0x010D4258+1000024]
	Ordinal0 [0x010D3DA5+998821]
	Ordinal0 [0x010DF164+1044836]
	Ordinal0 [0x010D3D31+998705]
	Ordinal0 [0x010D4FAF+1003439]
	Ordinal0 [0x010D4258+1000024]
	Ordinal0 [0x010D3DA5+998821]
	Ordinal0 [0x010DCDDA+1035738]
	Ordinal0 [0x010D3D31+998705]
	Ordinal0 [0x010D4FAF+1003439]
	Ordinal0 [0x010D4258+1000024]
	Ordinal0 [0x010D3DA5+998821]
	Ordinal0 [0x010DA929+1026345]
	Ordinal0 [0x010D3D31+998705]
	Ordinal0 [0x010D4FAF+1003439]
	Ordinal0 [0x010D4258+1000024]
	Ordinal0 [0x010D3DA5+998821]
	Ordinal0 [0x010D9DBC+1023420]
	Ordinal0 [0x010D3D31+998705]
	Ordinal0 [0x010D4FAF+1003439]
	Ordinal0 [0x010D4258+1000024]
	Ordinal0 [0x010D3DA5+998821]
	Ordinal0 [0x010CFA5D+981597]
	Ordinal0 [0x010D3D31+998705]
	Ordinal0 [0x010D3A85+998021]
	Ordinal0 [0x010D3829+997417]
	Ordinal0 [0x010E4090+1065104]
	Ordinal0 [0x0112B798+1357720]
	Ordinal0 [0x01128FAA+1347498]
	Ordinal0 [0x011266DB+1337051]
	Ordinal0 [0x01103427+1192999]
	Ordinal0 [0x011042EE+1196782]
	Ordinal0 [0x01104279+1196665]
	GetHandleVerifier [0x013C96FC+1590332]
	GetHandleVerifier [0x01478614+2306900]
	GetHandleVerifier [0x012C9E93+543699]
	GetHandleVerifier [0x012C92CE+540686]
	Ordinal0 [0x011D86BA+2066106]
	Ordinal0 [0x011DD1C8+2085320]
	Ordinal0 [0x011DD308+2085640]
	Ordinal0 [0x011E67F3+2123763]
	BaseThreadInitThunk [0x76C8FA29+25]
	RtlGetAppContainerNamedObjectPath [0x77BC7A4E+286]
	RtlGetAppContainerNamedObjectPath [0x77BC7A1E+238]
">
      <![CDATA[org.openqa.selenium.SessionNotCreatedException: session not created
from timeout: Timed out receiving message from renderer: 600.000
  (Session info: chrome=90.0.4430.93)
Build info: version: '3.141.59', revision: 'e82be7d358', time: '2018-11-14T08:17:03'
System info: host: 'LAPTOP-QM44054G', ip: '192.168.2.41', os.name: 'Windows 10', os.arch: 'amd64', os.version: '10.0', java.version: '12.0.2'
Driver info: driver.version: ChromeDriver
remote stacktrace: Backtrace:
	Ordinal0 [0x0123C013+2474003]
	Ordinal0 [0x011D29C1+2042305]
	Ordinal0 [0x010E2F68+1060712]
	Ordinal0 [0x010D5652+1005138]
	Ordinal0 [0x010D4258+1000024]
	Ordinal0 [0x010D3DA5+998821]
	Ordinal0 [0x010DF164+1044836]
	Ordinal0 [0x010D3D31+998705]
	Ordinal0 [0x010D4FAF+1003439]
	Ordinal0 [0x010D4258+1000024]
	Ordinal0 [0x010D3DA5+998821]
	Ordinal0 [0x010DCDDA+1035738]
	Ordinal0 [0x010D3D31+998705]
	Ordinal0 [0x010D4FAF+1003439]
	Ordinal0 [0x010D4258+1000024]
	Ordinal0 [0x010D3DA5+998821]
	Ordinal0 [0x010DA929+1026345]
	Ordinal0 [0x010D3D31+998705]
	Ordinal0 [0x010D4FAF+1003439]
	Ordinal0 [0x010D4258+1000024]
	Ordinal0 [0x010D3DA5+998821]
	Ordinal0 [0x010D9DBC+1023420]
	Ordinal0 [0x010D3D31+998705]
	Ordinal0 [0x010D4FAF+1003439]
	Ordinal0 [0x010D4258+1000024]
	Ordinal0 [0x010D3DA5+998821]
	Ordinal0 [0x010CFA5D+981597]
	Ordinal0 [0x010D3D31+998705]
	Ordinal0 [0x010D3A85+998021]
	Ordinal0 [0x010D3829+997417]
	Ordinal0 [0x010E4090+1065104]
	Ordinal0 [0x0112B798+1357720]
	Ordinal0 [0x01128FAA+1347498]
	Ordinal0 [0x011266DB+1337051]
	Ordinal0 [0x01103427+1192999]
	Ordinal0 [0x011042EE+1196782]
	Ordinal0 [0x01104279+1196665]
	GetHandleVerifier [0x013C96FC+1590332]
	GetHandleVerifier [0x01478614+2306900]
	GetHandleVerifier [0x012C9E93+543699]
	GetHandleVerifier [0x012C92CE+540686]
	Ordinal0 [0x011D86BA+2066106]
	Ordinal0 [0x011DD1C8+2085320]
	Ordinal0 [0x011DD308+2085640]
	Ordinal0 [0x011E67F3+2123763]
	BaseThreadInitThunk [0x76C8FA29+25]
	RtlGetAppContainerNamedObjectPath [0x77BC7A4E+286]
	RtlGetAppContainerNamedObjectPath [0x77BC7A1E+238]

	at org.openqa.selenium.remote.W3CHandshakeResponse.lambda$errorHandler$0(W3CHandshakeResponse.java:62)
	at org.openqa.selenium.remote.HandshakeResponse.lambda$getResponseFunction$0(HandshakeResponse.java:30)
	at org.openqa.selenium.remote.ProtocolHandshake.lambda$createSession$0(ProtocolHandshake.java:126)
	at java.base/java.util.stream.ReferencePipeline$3$1.accept(ReferencePipeline.java:195)
	at java.base/java.util.Spliterators$ArraySpliterator.tryAdvance(Spliterators.java:958)
	at java.base/java.util.stream.ReferencePipeline.forEachWithCancel(ReferencePipeline.java:127)
	at java.base/java.util.stream.AbstractPipeline.copyIntoWithCancel(AbstractPipeline.java:502)
	at java.base/java.util.stream.AbstractPipeline.copyInto(AbstractPipeline.java:488)
	at java.base/java.util.stream.AbstractPipeline.wrapAndCopyInto(AbstractPipeline.java:474)
	at java.base/java.util.stream.FindOps$FindOp.evaluateSequential(FindOps.java:150)
	at java.base/java.util.stream.AbstractPipeline.evaluate(AbstractPipeline.java:234)
	at java.base/java.util.stream.ReferencePipeline.findFirst(ReferencePipeline.java:543)
	at org.openqa.selenium.remote.ProtocolHandshake.createSession(ProtocolHandshake.java:128)
	at org.openqa.selenium.remote.ProtocolHandshake.createSession(ProtocolHandshake.java:74)
	at org.openqa.selenium.remote.HttpCommandExecutor.execute(HttpCommandExecutor.java:136)
	at org.openqa.selenium.remote.service.DriverCommandExecutor.execute(DriverCommandExecutor.java:83)
	at org.openqa.selenium.remote.RemoteWebDriver.execute(RemoteWebDriver.java:552)
	at org.openqa.selenium.remote.RemoteWebDriver.startSession(RemoteWebDriver.java:213)
	at org.openqa.selenium.remote.RemoteWebDriver.<init>(RemoteWebDriver.java:131)
	at org.openqa.selenium.chrome.ChromeDriver.<init>(ChromeDriver.java:181)
	at org.openqa.selenium.chrome.ChromeDriver.<init>(ChromeDriver.java:168)
	at org.openqa.selenium.chrome.ChromeDriver.<init>(ChromeDriver.java:123)
	at LowesHomeDepot.LowesHomeDepotBuild.NewTest.beforeTest(NewTest.java:17)
... Removed 36 stack frames]]>
    </failure>
  </testcase> <!-- @BeforeTest beforeTest -->
  <testcase classname="LowesHomeDepot.LowesHomeDepotBuild.NewTest" name="@BeforeTest beforeTest" time="0.0">
    <skipped/>
  </testcase> <!-- @BeforeTest beforeTest -->
  <testcase classname="LowesHomeDepot.LowesHomeDepotBuild.NewTest" name="@AfterTest afterTest" time="0.0">
    <skipped/>
  </testcase> <!-- @AfterTest afterTest -->
  <testcase classname="LowesHomeDepot.LowesHomeDepotBuild.NewTest" name="@AfterTest afterTest" time="0.0">
    <skipped/>
  </testcase> <!-- @AfterTest afterTest -->
  <testcase classname="LowesHomeDepot.LowesHomeDepotBuild.lowesTest" name="openLowes" time="0.002">
    <skipped/>
  </testcase> <!-- openLowes -->
  <testcase classname="LowesHomeDepot.LowesHomeDepotBuild.NewTest" name="openWalmart" time="0.002">
    <skipped/>
  </testcase> <!-- openWalmart -->
</testsuite> <!-- DelpiTest -->
