<html>
<head>
<title>TestNG:  DelpiTest</title>
<link href="../testng.css" rel="stylesheet" type="text/css" />
<link href="../my-testng.css" rel="stylesheet" type="text/css" />

<style type="text/css">
.log { display: none;} 
.stack-trace { display: none;} 
</style>
<script type="text/javascript">
<!--
function flip(e) {
  current = e.style.display;
  if (current == 'block') {
    e.style.display = 'none';
    return 0;
  }
  else {
    e.style.display = 'block';
    return 1;
  }
}

function toggleBox(szDivId, elem, msg1, msg2)
{
  var res = -1;  if (document.getElementById) {
    res = flip(document.getElementById(szDivId));
  }
  else if (document.all) {
    // this is the way old msie versions work
    res = flip(document.all[szDivId]);
  }
  if(elem) {
    if(res == 0) elem.innerHTML = msg1; else elem.innerHTML = msg2;
  }

}

function toggleAllBoxes() {
  if (document.getElementsByTagName) {
    d = document.getElementsByTagName('div');
    for (i = 0; i < d.length; i++) {
      if (d[i].className == 'log') {
        flip(d[i]);
      }
    }
  }
}

// -->
</script>

</head>
<body>
<h2 align='center'>DelpiTest</h2><table border='1' align="center">
<tr>
<td>Tests passed/Failed/Skipped:</td><td>0/0/2</td>
</tr><tr>
<td>Started on:</td><td>Mon May 10 13:11:31 EDT 2021</td>
</tr>
<tr><td>Total time:</td><td>602 seconds (602225 ms)</td>
</tr><tr>
<td>Included groups:</td><td></td>
</tr><tr>
<td>Excluded groups:</td><td></td>
</tr>
</table><p/>
<small><i>(Hover the method name to see the test class name)</i></small><p/>
<table width='100%' border='1' class='invocation-failed'>
<tr><td colspan='4' align='center'><b>FAILED CONFIGURATIONS</b></td></tr>
<tr><td><b>Test method</b></td>
<td width="30%"><b>Exception</b></td>
<td width="10%"><b>Time (seconds)</b></td>
<td><b>Instance</b></td>
</tr>
<tr>
<td title='LowesHomeDepot.LowesHomeDepotBuild.NewTest.beforeTest()'><b>beforeTest</b><br>Test class: LowesHomeDepot.LowesHomeDepotBuild.NewTest</td>
<td><div><pre>org.openqa.selenium.SessionNotCreatedException: session not created
from timeout: Timed out receiving message from renderer: 600.000
  (Session info: chrome=90.0.4430.93)
Build info: version: &apos;3.141.59&apos;, revision: &apos;e82be7d358&apos;, time: &apos;2018-11-14T08:17:03&apos;
System info: host: &apos;LAPTOP-QM44054G&apos;, ip: &apos;192.168.2.41&apos;, os.name: &apos;Windows 10&apos;, os.arch: &apos;amd64&apos;, os.version: &apos;10.0&apos;, java.version: &apos;12.0.2&apos;
Driver info: driver.version: ChromeDriver
remote stacktrace: Backtrace:
	Ordinal0 [0x0123C013+2474003]
	Ordinal0 [0x011D29C1+2042305]
	Ordinal0 [0x010E2F68+1060712]
	Ordinal0 [0x010D5652+1005138]
	Ordinal0 [0x010D4258+1000024]
	Ordinal0 [0x010D3DA5+998821]
	Ordinal0 [0x010DF164+1044836]
	Ordinal0 [0x010D3D31+998705]
	Ordinal0 [0x010D4FAF+1003439]
	Ordinal0 [0x010D4258+1000024]
	Ordinal0 [0x010D3DA5+998821]
	Ordinal0 [0x010DCDDA+1035738]
	Ordinal0 [0x010D3D31+998705]
	Ordinal0 [0x010D4FAF+1003439]
	Ordinal0 [0x010D4258+1000024]
	Ordinal0 [0x010D3DA5+998821]
	Ordinal0 [0x010DA929+1026345]
	Ordinal0 [0x010D3D31+998705]
	Ordinal0 [0x010D4FAF+1003439]
	Ordinal0 [0x010D4258+1000024]
	Ordinal0 [0x010D3DA5+998821]
	Ordinal0 [0x010D9DBC+1023420]
	Ordinal0 [0x010D3D31+998705]
	Ordinal0 [0x010D4FAF+1003439]
	Ordinal0 [0x010D4258+1000024]
	Ordinal0 [0x010D3DA5+998821]
	Ordinal0 [0x010CFA5D+981597]
	Ordinal0 [0x010D3D31+998705]
	Ordinal0 [0x010D3A85+998021]
	Ordinal0 [0x010D3829+997417]
	Ordinal0 [0x010E4090+1065104]
	Ordinal0 [0x0112B798+1357720]
	Ordinal0 [0x01128FAA+1347498]
	Ordinal0 [0x011266DB+1337051]
	Ordinal0 [0x01103427+1192999]
	Ordinal0 [0x011042EE+1196782]
	Ordinal0 [0x01104279+1196665]
	GetHandleVerifier [0x013C96FC+1590332]
	GetHandleVerifier [0x01478614+2306900]
	GetHandleVerifier [0x012C9E93+543699]
	GetHandleVerifier [0x012C92CE+540686]
	Ordinal0 [0x011D86BA+2066106]
	Ordinal0 [0x011DD1C8+2085320]
	Ordinal0 [0x011DD308+2085640]
	Ordinal0 [0x011E67F3+2123763]
	BaseThreadInitThunk [0x76C8FA29+25]
	RtlGetAppContainerNamedObjectPath [0x77BC7A4E+286]
	RtlGetAppContainerNamedObjectPath [0x77BC7A1E+238]

	at org.openqa.selenium.remote.W3CHandshakeResponse.lambda$errorHandler$0(W3CHandshakeResponse.java:62)
	at org.openqa.selenium.remote.HandshakeResponse.lambda$getResponseFunction$0(HandshakeResponse.java:30)
	at org.openqa.selenium.remote.ProtocolHandshake.lambda$createSession$0(ProtocolHandshake.java:126)
	at java.base/java.util.stream.ReferencePipeline$3$1.accept(ReferencePipeline.java:195)
	at java.base/java.util.Spliterators$ArraySpliterator.tryAdvance(Spliterators.java:958)
	at java.base/java.util.stream.ReferencePipeline.forEachWithCancel(ReferencePipeline.java:127)
	at java.base/java.util.stream.AbstractPipeline.copyIntoWithCancel(AbstractPipeline.java:502)
	at java.base/java.util.stream.AbstractPipeline.copyInto(AbstractPipeline.java:488)
	at java.base/java.util.stream.AbstractPipeline.wrapAndCopyInto(AbstractPipeline.java:474)
	at java.base/java.util.stream.FindOps$FindOp.evaluateSequential(FindOps.java:150)
	at java.base/java.util.stream.AbstractPipeline.evaluate(AbstractPipeline.java:234)
	at java.base/java.util.stream.ReferencePipeline.findFirst(ReferencePipeline.java:543)
	at org.openqa.selenium.remote.ProtocolHandshake.createSession(ProtocolHandshake.java:128)
	at org.openqa.selenium.remote.ProtocolHandshake.createSession(ProtocolHandshake.java:74)
	at org.openqa.selenium.remote.HttpCommandExecutor.execute(HttpCommandExecutor.java:136)
	at org.openqa.selenium.remote.service.DriverCommandExecutor.execute(DriverCommandExecutor.java:83)
	at org.openqa.selenium.remote.RemoteWebDriver.execute(RemoteWebDriver.java:552)
	at org.openqa.selenium.remote.RemoteWebDriver.startSession(RemoteWebDriver.java:213)
	at org.openqa.selenium.remote.RemoteWebDriver.&lt;init&gt;(RemoteWebDriver.java:131)
	at org.openqa.selenium.chrome.ChromeDriver.&lt;init&gt;(ChromeDriver.java:181)
	at org.openqa.selenium.chrome.ChromeDriver.&lt;init&gt;(ChromeDriver.java:168)
	at org.openqa.selenium.chrome.ChromeDriver.&lt;init&gt;(ChromeDriver.java:123)
	at LowesHomeDepot.LowesHomeDepotBuild.NewTest.beforeTest(NewTest.java:17)
... Removed 36 stack frames</pre></div><a href='#' onClick='toggleBox("stack-trace191945292", this, "Click to show all stack frames", "Click to hide stack frames")'>Click to show all stack frames</a>
<div class='stack-trace' id='stack-trace191945292'><pre>org.openqa.selenium.SessionNotCreatedException: session not created
from timeout: Timed out receiving message from renderer: 600.000
  (Session info: chrome=90.0.4430.93)
Build info: version: &apos;3.141.59&apos;, revision: &apos;e82be7d358&apos;, time: &apos;2018-11-14T08:17:03&apos;
System info: host: &apos;LAPTOP-QM44054G&apos;, ip: &apos;192.168.2.41&apos;, os.name: &apos;Windows 10&apos;, os.arch: &apos;amd64&apos;, os.version: &apos;10.0&apos;, java.version: &apos;12.0.2&apos;
Driver info: driver.version: ChromeDriver
remote stacktrace: Backtrace:
	Ordinal0 [0x0123C013+2474003]
	Ordinal0 [0x011D29C1+2042305]
	Ordinal0 [0x010E2F68+1060712]
	Ordinal0 [0x010D5652+1005138]
	Ordinal0 [0x010D4258+1000024]
	Ordinal0 [0x010D3DA5+998821]
	Ordinal0 [0x010DF164+1044836]
	Ordinal0 [0x010D3D31+998705]
	Ordinal0 [0x010D4FAF+1003439]
	Ordinal0 [0x010D4258+1000024]
	Ordinal0 [0x010D3DA5+998821]
	Ordinal0 [0x010DCDDA+1035738]
	Ordinal0 [0x010D3D31+998705]
	Ordinal0 [0x010D4FAF+1003439]
	Ordinal0 [0x010D4258+1000024]
	Ordinal0 [0x010D3DA5+998821]
	Ordinal0 [0x010DA929+1026345]
	Ordinal0 [0x010D3D31+998705]
	Ordinal0 [0x010D4FAF+1003439]
	Ordinal0 [0x010D4258+1000024]
	Ordinal0 [0x010D3DA5+998821]
	Ordinal0 [0x010D9DBC+1023420]
	Ordinal0 [0x010D3D31+998705]
	Ordinal0 [0x010D4FAF+1003439]
	Ordinal0 [0x010D4258+1000024]
	Ordinal0 [0x010D3DA5+998821]
	Ordinal0 [0x010CFA5D+981597]
	Ordinal0 [0x010D3D31+998705]
	Ordinal0 [0x010D3A85+998021]
	Ordinal0 [0x010D3829+997417]
	Ordinal0 [0x010E4090+1065104]
	Ordinal0 [0x0112B798+1357720]
	Ordinal0 [0x01128FAA+1347498]
	Ordinal0 [0x011266DB+1337051]
	Ordinal0 [0x01103427+1192999]
	Ordinal0 [0x011042EE+1196782]
	Ordinal0 [0x01104279+1196665]
	GetHandleVerifier [0x013C96FC+1590332]
	GetHandleVerifier [0x01478614+2306900]
	GetHandleVerifier [0x012C9E93+543699]
	GetHandleVerifier [0x012C92CE+540686]
	Ordinal0 [0x011D86BA+2066106]
	Ordinal0 [0x011DD1C8+2085320]
	Ordinal0 [0x011DD308+2085640]
	Ordinal0 [0x011E67F3+2123763]
	BaseThreadInitThunk [0x76C8FA29+25]
	RtlGetAppContainerNamedObjectPath [0x77BC7A4E+286]
	RtlGetAppContainerNamedObjectPath [0x77BC7A1E+238]

	at java.base/jdk.internal.reflect.NativeConstructorAccessorImpl.newInstance0(Native Method)
	at java.base/jdk.internal.reflect.NativeConstructorAccessorImpl.newInstance(NativeConstructorAccessorImpl.java:62)
	at java.base/jdk.internal.reflect.DelegatingConstructorAccessorImpl.newInstance(DelegatingConstructorAccessorImpl.java:45)
	at java.base/java.lang.reflect.Constructor.newInstanceWithCaller(Constructor.java:500)
	at java.base/java.lang.reflect.Constructor.newInstance(Constructor.java:481)
	at org.openqa.selenium.remote.W3CHandshakeResponse.lambda$errorHandler$0(W3CHandshakeResponse.java:62)
	at org.openqa.selenium.remote.HandshakeResponse.lambda$getResponseFunction$0(HandshakeResponse.java:30)
	at org.openqa.selenium.remote.ProtocolHandshake.lambda$createSession$0(ProtocolHandshake.java:126)
	at java.base/java.util.stream.ReferencePipeline$3$1.accept(ReferencePipeline.java:195)
	at java.base/java.util.Spliterators$ArraySpliterator.tryAdvance(Spliterators.java:958)
	at java.base/java.util.stream.ReferencePipeline.forEachWithCancel(ReferencePipeline.java:127)
	at java.base/java.util.stream.AbstractPipeline.copyIntoWithCancel(AbstractPipeline.java:502)
	at java.base/java.util.stream.AbstractPipeline.copyInto(AbstractPipeline.java:488)
	at java.base/java.util.stream.AbstractPipeline.wrapAndCopyInto(AbstractPipeline.java:474)
	at java.base/java.util.stream.FindOps$FindOp.evaluateSequential(FindOps.java:150)
	at java.base/java.util.stream.AbstractPipeline.evaluate(AbstractPipeline.java:234)
	at java.base/java.util.stream.ReferencePipeline.findFirst(ReferencePipeline.java:543)
	at org.openqa.selenium.remote.ProtocolHandshake.createSession(ProtocolHandshake.java:128)
	at org.openqa.selenium.remote.ProtocolHandshake.createSession(ProtocolHandshake.java:74)
	at org.openqa.selenium.remote.HttpCommandExecutor.execute(HttpCommandExecutor.java:136)
	at org.openqa.selenium.remote.service.DriverCommandExecutor.execute(DriverCommandExecutor.java:83)
	at org.openqa.selenium.remote.RemoteWebDriver.execute(RemoteWebDriver.java:552)
	at org.openqa.selenium.remote.RemoteWebDriver.startSession(RemoteWebDriver.java:213)
	at org.openqa.selenium.remote.RemoteWebDriver.&lt;init&gt;(RemoteWebDriver.java:131)
	at org.openqa.selenium.chrome.ChromeDriver.&lt;init&gt;(ChromeDriver.java:181)
	at org.openqa.selenium.chrome.ChromeDriver.&lt;init&gt;(ChromeDriver.java:168)
	at org.openqa.selenium.chrome.ChromeDriver.&lt;init&gt;(ChromeDriver.java:123)
	at LowesHomeDepot.LowesHomeDepotBuild.NewTest.beforeTest(NewTest.java:17)
	at java.base/jdk.internal.reflect.NativeMethodAccessorImpl.invoke0(Native Method)
	at java.base/jdk.internal.reflect.NativeMethodAccessorImpl.invoke(NativeMethodAccessorImpl.java:62)
	at java.base/jdk.internal.reflect.DelegatingMethodAccessorImpl.invoke(DelegatingMethodAccessorImpl.java:43)
	at java.base/java.lang.reflect.Method.invoke(Method.java:567)
	at org.testng.internal.MethodInvocationHelper.invokeMethod(MethodInvocationHelper.java:84)
	at org.testng.internal.Invoker.invokeConfigurationMethod(Invoker.java:564)
	at org.testng.internal.Invoker.invokeConfigurations(Invoker.java:213)
	at org.testng.internal.Invoker.invokeConfigurations(Invoker.java:138)
	at org.testng.TestRunner.beforeRun(TestRunner.java:641)
	at org.testng.TestRunner.run(TestRunner.java:609)
	at org.testng.SuiteRunner.runTest(SuiteRunner.java:348)
	at org.testng.SuiteRunner.runSequentially(SuiteRunner.java:343)
	at org.testng.SuiteRunner.privateRun(SuiteRunner.java:305)
	at org.testng.SuiteRunner.run(SuiteRunner.java:254)
	at org.testng.SuiteRunnerWorker.runSuite(SuiteRunnerWorker.java:52)
	at org.testng.SuiteRunnerWorker.run(SuiteRunnerWorker.java:86)
	at org.testng.TestNG.runSuitesSequentially(TestNG.java:1224)
	at org.testng.TestNG.runSuitesLocally(TestNG.java:1149)
	at org.testng.TestNG.run(TestNG.java:1057)
	at org.apache.maven.surefire.testng.TestNGExecutor.run(TestNGExecutor.java:177)
	at org.apache.maven.surefire.testng.TestNGXmlTestSuite.execute(TestNGXmlTestSuite.java:92)
	at org.apache.maven.surefire.testng.TestNGProvider.invoke(TestNGProvider.java:105)
	at java.base/jdk.internal.reflect.NativeMethodAccessorImpl.invoke0(Native Method)
	at java.base/jdk.internal.reflect.NativeMethodAccessorImpl.invoke(NativeMethodAccessorImpl.java:62)
	at java.base/jdk.internal.reflect.DelegatingMethodAccessorImpl.invoke(DelegatingMethodAccessorImpl.java:43)
	at java.base/java.lang.reflect.Method.invoke(Method.java:567)
	at org.apache.maven.surefire.util.ReflectionUtils.invokeMethodWithArray(ReflectionUtils.java:189)
	at org.apache.maven.surefire.booter.ProviderFactory$ProviderProxy.invoke(ProviderFactory.java:165)
	at org.apache.maven.surefire.booter.ProviderFactory.invokeProvider(ProviderFactory.java:85)
	at org.apache.maven.surefire.booter.ForkedBooter.runSuitesInProcess(ForkedBooter.java:103)
	at org.apache.maven.surefire.booter.ForkedBooter.main(ForkedBooter.java:74)
</pre></div></td>
<td>0</td>
<td>null</td></tr>
</table><p>
<table width='100%' border='1' class='invocation-skipped'>
<tr><td colspan='4' align='center'><b>SKIPPED CONFIGURATIONS</b></td></tr>
<tr><td><b>Test method</b></td>
<td width="30%"><b>Exception</b></td>
<td width="10%"><b>Time (seconds)</b></td>
<td><b>Instance</b></td>
</tr>
<tr>
<td title='LowesHomeDepot.LowesHomeDepotBuild.NewTest.beforeTest()'><b>beforeTest</b><br>Test class: LowesHomeDepot.LowesHomeDepotBuild.NewTest</td>
<td></td>
<td>0</td>
<td>null</td></tr>
<tr>
<td title='LowesHomeDepot.LowesHomeDepotBuild.NewTest.afterTest()'><b>afterTest</b><br>Test class: LowesHomeDepot.LowesHomeDepotBuild.NewTest</td>
<td></td>
<td>0</td>
<td>null</td></tr>
<tr>
<td title='LowesHomeDepot.LowesHomeDepotBuild.NewTest.afterTest()'><b>afterTest</b><br>Test class: LowesHomeDepot.LowesHomeDepotBuild.NewTest</td>
<td></td>
<td>0</td>
<td>null</td></tr>
</table><p>
<table width='100%' border='1' class='invocation-skipped'>
<tr><td colspan='4' align='center'><b>SKIPPED TESTS</b></td></tr>
<tr><td><b>Test method</b></td>
<td width="30%"><b>Exception</b></td>
<td width="10%"><b>Time (seconds)</b></td>
<td><b>Instance</b></td>
</tr>
<tr>
<td title='LowesHomeDepot.LowesHomeDepotBuild.lowesTest.openLowes()'><b>openLowes</b><br>Test class: LowesHomeDepot.LowesHomeDepotBuild.lowesTest</td>
<td></td>
<td>0</td>
<td>LowesHomeDepot.LowesHomeDepotBuild.lowesTest@49dc7102</td></tr>
<tr>
<td title='LowesHomeDepot.LowesHomeDepotBuild.NewTest.openWalmart()'><b>openWalmart</b><br>Test class: LowesHomeDepot.LowesHomeDepotBuild.NewTest</td>
<td></td>
<td>0</td>
<td>LowesHomeDepot.LowesHomeDepotBuild.NewTest@1649b0e6</td></tr>
</table><p>
</body>
</html>